<?xml version="1.0" encoding="UTF-8"?>
<!-- Generated by org.testng.reporters.JUnitReportReporter -->
<testsuite hostname="SathishSb" failures="0" tests="1" name="msv.vsm" time="3.232" errors="0" timestamp="24 Aug 2022 15:21:08 GMT" skipped="0">
  <testcase classname="msv.vsm" name="sa" time="3.232"/>
</testsuite> <!-- msv.vsm -->
